<?xml version="1.0" encoding="UTF-8"?>
<!-- Generated by org.testng.reporters.JUnitReportReporter -->
<testsuite skipped="0" hostname="DESKTOP-FS7AD53" name="TestCases.SampleTest" tests="1" failures="0" timestamp="22 Jul 2018 15:57:20 GMT" time="69.190" errors="0">
  <testcase name="iAuditSampleScheduleRequestEnrollment" time="69.190" classname="TestCases.SampleTest"/>
</testsuite> <!-- TestCases.SampleTest -->
