<?xml version="1.0" encoding="UTF-8"?>
<!-- Generated by org.testng.reporters.JUnitReportReporter -->
<testsuite skipped="0" hostname="DESKTOP-FS7AD53" name="TestCases.SampleTest" tests="1" failures="0" timestamp="18 Jul 2018 02:40:33 GMT" time="106.079" errors="0">
  <testcase name="iAuditSampleScheduleRequestEnrollment" time="106.079" classname="TestCases.SampleTest"/>
</testsuite> <!-- TestCases.SampleTest -->
