<?xml version="1.0" encoding="UTF-8"?>
<!-- Generated by org.testng.reporters.JUnitReportReporter -->
<testsuite skipped="0" hostname="DESKTOP-FS7AD53" name="TestCases.SampleTest" tests="1" failures="0" timestamp="24 Jul 2018 17:00:18 GMT" time="46.607" errors="0">
  <testcase name="iAuditSampleScheduleRequestEnrollment" time="46.607" classname="TestCases.SampleTest"/>
</testsuite> <!-- TestCases.SampleTest -->
