<?xml version="1.0" encoding="UTF-8"?>
<!-- Generated by org.testng.reporters.JUnitReportReporter -->
<testsuite skipped="0" hostname="DESKTOP-FS7AD53" name="TestCases.SampleTest" tests="1" failures="0" timestamp="17 Jul 2018 12:34:57 GMT" time="19.156" errors="0">
  <testcase name="test1" time="19.156" classname="TestCases.SampleTest"/>
</testsuite> <!-- TestCases.SampleTest -->
