<?xml version="1.0" encoding="UTF-8"?>
<!-- Generated by org.testng.reporters.JUnitReportReporter -->
<testsuite skipped="0" hostname="DESKTOP-FS7AD53" name="TestCases.SampleTest" tests="1" failures="0" timestamp="17 Jul 2018 00:03:46 GMT" time="14.574" errors="0">
  <testcase name="test1" time="14.574" classname="TestCases.SampleTest"/>
</testsuite> <!-- TestCases.SampleTest -->
