<?xml version="1.0" encoding="UTF-8"?>
<!-- Generated by org.testng.reporters.JUnitReportReporter -->
<testsuite skipped="0" hostname="DESKTOP-FS7AD53" name="TestCases.SampleTest" tests="1" failures="0" timestamp="22 Jul 2018 14:49:04 GMT" time="37.704" errors="0">
  <testcase name="iAuditSampleScheduleRequestEnrollment" time="37.704" classname="TestCases.SampleTest"/>
</testsuite> <!-- TestCases.SampleTest -->
